<?xml version="1.0" encoding="UTF-8"?>
<testsuite xmlns:xsi="http://www.w3.org/2001/XMLSchema-instance" xsi:noNamespaceSchemaLocation="https://maven.apache.org/surefire/maven-surefire-plugin/xsd/surefire-test-report-3.0.xsd" version="3.0" name="org.example.AppTest" time="0.023" tests="1" errors="0" skipped="0" failures="0">
  <properties>
    <property name="gopherProxySet" value="false"/>
    <property name="awt.toolkit" value="sun.lwawt.macosx.LWCToolkit"/>
    <property name="java.specification.version" value="11"/>
    <property name="sun.cpu.isalist" value=""/>
    <property name="sun.jnu.encoding" value="UTF-8"/>
    <property name="java.class.path" value="/Users/sakshamsaxena/koo/code/flink-tut/windows/target/test-classes:/Users/sakshamsaxena/koo/code/flink-tut/windows/target/classes:/Users/sakshamsaxena/.m2/repository/junit/junit/3.8.1/junit-3.8.1.jar:/Users/sakshamsaxena/.m2/repository/org/apache/flink/flink-java/1.5.0/flink-java-1.5.0.jar:/Users/sakshamsaxena/.m2/repository/org/apache/flink/flink-core/1.5.0/flink-core-1.5.0.jar:/Users/sakshamsaxena/.m2/repository/org/apache/flink/flink-annotations/1.5.0/flink-annotations-1.5.0.jar:/Users/sakshamsaxena/.m2/repository/org/apache/flink/flink-metrics-core/1.5.0/flink-metrics-core-1.5.0.jar:/Users/sakshamsaxena/.m2/repository/com/esotericsoftware/kryo/kryo/2.24.0/kryo-2.24.0.jar:/Users/sakshamsaxena/.m2/repository/com/esotericsoftware/minlog/minlog/1.2/minlog-1.2.jar:/Users/sakshamsaxena/.m2/repository/org/objenesis/objenesis/2.1/objenesis-2.1.jar:/Users/sakshamsaxena/.m2/repository/commons-collections/commons-collections/3.2.2/commons-collections-3.2.2.jar:/Users/sakshamsaxena/.m2/repository/org/apache/commons/commons-compress/1.4.1/commons-compress-1.4.1.jar:/Users/sakshamsaxena/.m2/repository/org/tukaani/xz/1.0/xz-1.0.jar:/Users/sakshamsaxena/.m2/repository/org/apache/flink/flink-shaded-asm/5.0.4-2.0/flink-shaded-asm-5.0.4-2.0.jar:/Users/sakshamsaxena/.m2/repository/org/apache/commons/commons-lang3/3.3.2/commons-lang3-3.3.2.jar:/Users/sakshamsaxena/.m2/repository/org/apache/commons/commons-math3/3.5/commons-math3-3.5.jar:/Users/sakshamsaxena/.m2/repository/org/slf4j/slf4j-api/1.7.7/slf4j-api-1.7.7.jar:/Users/sakshamsaxena/.m2/repository/com/google/code/findbugs/jsr305/1.3.9/jsr305-1.3.9.jar:/Users/sakshamsaxena/.m2/repository/org/apache/flink/force-shading/1.5.0/force-shading-1.5.0.jar:/Users/sakshamsaxena/.m2/repository/org/apache/flink/flink-streaming-java_2.11/1.5.0/flink-streaming-java_2.11-1.5.0.jar:/Users/sakshamsaxena/.m2/repository/org/apache/flink/flink-runtime_2.11/1.5.0/flink-runtime_2.11-1.5.0.jar:/Users/sakshamsaxena/.m2/repository/org/apache/flink/flink-queryable-state-client-java_2.11/1.5.0/flink-queryable-state-client-java_2.11-1.5.0.jar:/Users/sakshamsaxena/.m2/repository/org/apache/flink/flink-hadoop-fs/1.5.0/flink-hadoop-fs-1.5.0.jar:/Users/sakshamsaxena/.m2/repository/commons-io/commons-io/2.4/commons-io-2.4.jar:/Users/sakshamsaxena/.m2/repository/org/apache/flink/flink-shaded-netty/4.0.27.Final-2.0/flink-shaded-netty-4.0.27.Final-2.0.jar:/Users/sakshamsaxena/.m2/repository/org/apache/flink/flink-shaded-jackson/2.7.9-3.0/flink-shaded-jackson-2.7.9-3.0.jar:/Users/sakshamsaxena/.m2/repository/org/javassist/javassist/3.18.2-GA/javassist-3.18.2-GA.jar:/Users/sakshamsaxena/.m2/repository/org/scala-lang/scala-library/2.11.12/scala-library-2.11.12.jar:/Users/sakshamsaxena/.m2/repository/com/typesafe/akka/akka-actor_2.11/2.4.20/akka-actor_2.11-2.4.20.jar:/Users/sakshamsaxena/.m2/repository/com/typesafe/config/1.3.0/config-1.3.0.jar:/Users/sakshamsaxena/.m2/repository/org/scala-lang/modules/scala-java8-compat_2.11/0.7.0/scala-java8-compat_2.11-0.7.0.jar:/Users/sakshamsaxena/.m2/repository/com/typesafe/akka/akka-stream_2.11/2.4.20/akka-stream_2.11-2.4.20.jar:/Users/sakshamsaxena/.m2/repository/org/reactivestreams/reactive-streams/1.0.0/reactive-streams-1.0.0.jar:/Users/sakshamsaxena/.m2/repository/com/typesafe/ssl-config-core_2.11/0.2.1/ssl-config-core_2.11-0.2.1.jar:/Users/sakshamsaxena/.m2/repository/org/scala-lang/modules/scala-parser-combinators_2.11/1.0.4/scala-parser-combinators_2.11-1.0.4.jar:/Users/sakshamsaxena/.m2/repository/com/typesafe/akka/akka-protobuf_2.11/2.4.20/akka-protobuf_2.11-2.4.20.jar:/Users/sakshamsaxena/.m2/repository/com/typesafe/akka/akka-slf4j_2.11/2.4.20/akka-slf4j_2.11-2.4.20.jar:/Users/sakshamsaxena/.m2/repository/org/clapper/grizzled-slf4j_2.11/1.0.2/grizzled-slf4j_2.11-1.0.2.jar:/Users/sakshamsaxena/.m2/repository/com/github/scopt/scopt_2.11/3.5.0/scopt_2.11-3.5.0.jar:/Users/sakshamsaxena/.m2/repository/org/xerial/snappy/snappy-java/1.1.4/snappy-java-1.1.4.jar:/Users/sakshamsaxena/.m2/repository/com/twitter/chill_2.11/0.7.4/chill_2.11-0.7.4.jar:/Users/sakshamsaxena/.m2/repository/com/twitter/chill-java/0.7.4/chill-java-0.7.4.jar:/Users/sakshamsaxena/.m2/repository/org/apache/flink/flink-shaded-guava/18.0-2.0/flink-shaded-guava-18.0-2.0.jar:/Users/sakshamsaxena/.m2/repository/org/apache/flink/flink-clients_2.11/1.5.0/flink-clients_2.11-1.5.0.jar:/Users/sakshamsaxena/.m2/repository/org/apache/flink/flink-optimizer_2.11/1.5.0/flink-optimizer_2.11-1.5.0.jar:/Users/sakshamsaxena/.m2/repository/commons-cli/commons-cli/1.3.1/commons-cli-1.3.1.jar:"/>
    <property name="java.vm.vendor" value="Oracle Corporation"/>
    <property name="sun.arch.data.model" value="64"/>
    <property name="java.vendor.url" value="https://openjdk.java.net/"/>
    <property name="user.timezone" value=""/>
    <property name="java.vm.specification.version" value="11"/>
    <property name="os.name" value="Mac OS X"/>
    <property name="sun.java.launcher" value="SUN_STANDARD"/>
    <property name="user.country" value="IN"/>
    <property name="sun.boot.library.path" value="/Library/Java/JavaVirtualMachines/jdk-11.0.15.jdk/Contents/Home/lib"/>
    <property name="sun.java.command" value="/Users/sakshamsaxena/koo/code/flink-tut/windows/target/surefire/surefirebooter-20250615020139596_3.jar /Users/sakshamsaxena/koo/code/flink-tut/windows/target/surefire 2025-06-15T02-01-39_458-jvmRun1 surefire-20250615020139596_1tmp surefire_0-20250615020139596_2tmp"/>
    <property name="http.nonProxyHosts" value="local|*.local|169.254/16|*.169.254/16"/>
    <property name="jdk.debug" value="release"/>
    <property name="surefire.test.class.path" value="/Users/sakshamsaxena/koo/code/flink-tut/windows/target/test-classes:/Users/sakshamsaxena/koo/code/flink-tut/windows/target/classes:/Users/sakshamsaxena/.m2/repository/junit/junit/3.8.1/junit-3.8.1.jar:/Users/sakshamsaxena/.m2/repository/org/apache/flink/flink-java/1.5.0/flink-java-1.5.0.jar:/Users/sakshamsaxena/.m2/repository/org/apache/flink/flink-core/1.5.0/flink-core-1.5.0.jar:/Users/sakshamsaxena/.m2/repository/org/apache/flink/flink-annotations/1.5.0/flink-annotations-1.5.0.jar:/Users/sakshamsaxena/.m2/repository/org/apache/flink/flink-metrics-core/1.5.0/flink-metrics-core-1.5.0.jar:/Users/sakshamsaxena/.m2/repository/com/esotericsoftware/kryo/kryo/2.24.0/kryo-2.24.0.jar:/Users/sakshamsaxena/.m2/repository/com/esotericsoftware/minlog/minlog/1.2/minlog-1.2.jar:/Users/sakshamsaxena/.m2/repository/org/objenesis/objenesis/2.1/objenesis-2.1.jar:/Users/sakshamsaxena/.m2/repository/commons-collections/commons-collections/3.2.2/commons-collections-3.2.2.jar:/Users/sakshamsaxena/.m2/repository/org/apache/commons/commons-compress/1.4.1/commons-compress-1.4.1.jar:/Users/sakshamsaxena/.m2/repository/org/tukaani/xz/1.0/xz-1.0.jar:/Users/sakshamsaxena/.m2/repository/org/apache/flink/flink-shaded-asm/5.0.4-2.0/flink-shaded-asm-5.0.4-2.0.jar:/Users/sakshamsaxena/.m2/repository/org/apache/commons/commons-lang3/3.3.2/commons-lang3-3.3.2.jar:/Users/sakshamsaxena/.m2/repository/org/apache/commons/commons-math3/3.5/commons-math3-3.5.jar:/Users/sakshamsaxena/.m2/repository/org/slf4j/slf4j-api/1.7.7/slf4j-api-1.7.7.jar:/Users/sakshamsaxena/.m2/repository/com/google/code/findbugs/jsr305/1.3.9/jsr305-1.3.9.jar:/Users/sakshamsaxena/.m2/repository/org/apache/flink/force-shading/1.5.0/force-shading-1.5.0.jar:/Users/sakshamsaxena/.m2/repository/org/apache/flink/flink-streaming-java_2.11/1.5.0/flink-streaming-java_2.11-1.5.0.jar:/Users/sakshamsaxena/.m2/repository/org/apache/flink/flink-runtime_2.11/1.5.0/flink-runtime_2.11-1.5.0.jar:/Users/sakshamsaxena/.m2/repository/org/apache/flink/flink-queryable-state-client-java_2.11/1.5.0/flink-queryable-state-client-java_2.11-1.5.0.jar:/Users/sakshamsaxena/.m2/repository/org/apache/flink/flink-hadoop-fs/1.5.0/flink-hadoop-fs-1.5.0.jar:/Users/sakshamsaxena/.m2/repository/commons-io/commons-io/2.4/commons-io-2.4.jar:/Users/sakshamsaxena/.m2/repository/org/apache/flink/flink-shaded-netty/4.0.27.Final-2.0/flink-shaded-netty-4.0.27.Final-2.0.jar:/Users/sakshamsaxena/.m2/repository/org/apache/flink/flink-shaded-jackson/2.7.9-3.0/flink-shaded-jackson-2.7.9-3.0.jar:/Users/sakshamsaxena/.m2/repository/org/javassist/javassist/3.18.2-GA/javassist-3.18.2-GA.jar:/Users/sakshamsaxena/.m2/repository/org/scala-lang/scala-library/2.11.12/scala-library-2.11.12.jar:/Users/sakshamsaxena/.m2/repository/com/typesafe/akka/akka-actor_2.11/2.4.20/akka-actor_2.11-2.4.20.jar:/Users/sakshamsaxena/.m2/repository/com/typesafe/config/1.3.0/config-1.3.0.jar:/Users/sakshamsaxena/.m2/repository/org/scala-lang/modules/scala-java8-compat_2.11/0.7.0/scala-java8-compat_2.11-0.7.0.jar:/Users/sakshamsaxena/.m2/repository/com/typesafe/akka/akka-stream_2.11/2.4.20/akka-stream_2.11-2.4.20.jar:/Users/sakshamsaxena/.m2/repository/org/reactivestreams/reactive-streams/1.0.0/reactive-streams-1.0.0.jar:/Users/sakshamsaxena/.m2/repository/com/typesafe/ssl-config-core_2.11/0.2.1/ssl-config-core_2.11-0.2.1.jar:/Users/sakshamsaxena/.m2/repository/org/scala-lang/modules/scala-parser-combinators_2.11/1.0.4/scala-parser-combinators_2.11-1.0.4.jar:/Users/sakshamsaxena/.m2/repository/com/typesafe/akka/akka-protobuf_2.11/2.4.20/akka-protobuf_2.11-2.4.20.jar:/Users/sakshamsaxena/.m2/repository/com/typesafe/akka/akka-slf4j_2.11/2.4.20/akka-slf4j_2.11-2.4.20.jar:/Users/sakshamsaxena/.m2/repository/org/clapper/grizzled-slf4j_2.11/1.0.2/grizzled-slf4j_2.11-1.0.2.jar:/Users/sakshamsaxena/.m2/repository/com/github/scopt/scopt_2.11/3.5.0/scopt_2.11-3.5.0.jar:/Users/sakshamsaxena/.m2/repository/org/xerial/snappy/snappy-java/1.1.4/snappy-java-1.1.4.jar:/Users/sakshamsaxena/.m2/repository/com/twitter/chill_2.11/0.7.4/chill_2.11-0.7.4.jar:/Users/sakshamsaxena/.m2/repository/com/twitter/chill-java/0.7.4/chill-java-0.7.4.jar:/Users/sakshamsaxena/.m2/repository/org/apache/flink/flink-shaded-guava/18.0-2.0/flink-shaded-guava-18.0-2.0.jar:/Users/sakshamsaxena/.m2/repository/org/apache/flink/flink-clients_2.11/1.5.0/flink-clients_2.11-1.5.0.jar:/Users/sakshamsaxena/.m2/repository/org/apache/flink/flink-optimizer_2.11/1.5.0/flink-optimizer_2.11-1.5.0.jar:/Users/sakshamsaxena/.m2/repository/commons-cli/commons-cli/1.3.1/commons-cli-1.3.1.jar:"/>
    <property name="sun.cpu.endian" value="little"/>
    <property name="user.home" value="/Users/sakshamsaxena"/>
    <property name="user.language" value="en"/>
    <property name="java.specification.vendor" value="Oracle Corporation"/>
    <property name="java.version.date" value="2022-04-19"/>
    <property name="java.home" value="/Library/Java/JavaVirtualMachines/jdk-11.0.15.jdk/Contents/Home"/>
    <property name="file.separator" value="/"/>
    <property name="basedir" value="/Users/sakshamsaxena/koo/code/flink-tut/windows"/>
    <property name="java.vm.compressedOopsMode" value="Zero based"/>
    <property name="line.separator" value="&#10;"/>
    <property name="java.specification.name" value="Java Platform API Specification"/>
    <property name="java.vm.specification.vendor" value="Oracle Corporation"/>
    <property name="java.awt.graphicsenv" value="sun.awt.CGraphicsEnvironment"/>
    <property name="surefire.real.class.path" value="/Users/sakshamsaxena/koo/code/flink-tut/windows/target/surefire/surefirebooter-20250615020139596_3.jar"/>
    <property name="sun.management.compiler" value="HotSpot 64-Bit Tiered Compilers"/>
    <property name="ftp.nonProxyHosts" value="local|*.local|169.254/16|*.169.254/16"/>
    <property name="java.runtime.version" value="11.0.15+8-LTS-149"/>
    <property name="user.name" value="sakshamsaxena"/>
    <property name="path.separator" value=":"/>
    <property name="os.version" value="14.5"/>
    <property name="java.runtime.name" value="Java(TM) SE Runtime Environment"/>
    <property name="file.encoding" value="US-ASCII"/>
    <property name="java.vm.name" value="Java HotSpot(TM) 64-Bit Server VM"/>
    <property name="java.vendor.version" value="18.9"/>
    <property name="localRepository" value="/Users/sakshamsaxena/.m2/repository"/>
    <property name="java.vendor.url.bug" value="https://bugreport.java.com/bugreport/"/>
    <property name="java.io.tmpdir" value="/var/folders/rw/9vk7m64s68l15yfxbx6dxrzw0000gn/T/"/>
    <property name="java.version" value="11.0.15"/>
    <property name="user.dir" value="/Users/sakshamsaxena/koo/code/flink-tut/windows"/>
    <property name="os.arch" value="x86_64"/>
    <property name="java.vm.specification.name" value="Java Virtual Machine Specification"/>
    <property name="java.awt.printerjob" value="sun.lwawt.macosx.CPrinterJob"/>
    <property name="sun.os.patch.level" value="unknown"/>
    <property name="java.library.path" value="/Users/sakshamsaxena/Library/Java/Extensions:/Library/Java/Extensions:/Network/Library/Java/Extensions:/System/Library/Java/Extensions:/usr/lib/java:."/>
    <property name="java.vendor" value="Oracle Corporation"/>
    <property name="java.vm.info" value="mixed mode"/>
    <property name="java.vm.version" value="11.0.15+8-LTS-149"/>
    <property name="sun.io.unicode.encoding" value="UnicodeBig"/>
    <property name="java.class.version" value="55.0"/>
    <property name="socksNonProxyHosts" value="local|*.local|169.254/16|*.169.254/16"/>
  </properties>
  <testcase name="testApp" classname="org.example.AppTest" time="0.004"/>
</testsuite>